[debug] [2025-07-05T10:11:46.090Z] ----------------------------------------------------------------------
[debug] [2025-07-05T10:11:46.092Z] Command:       C:\Program Files\nodejs\node.exe C:\Users\LENOVO\AppData\Roaming\npm\node_modules\firebase-tools\lib\bin\firebase.js init
[debug] [2025-07-05T10:11:46.093Z] CLI Version:   14.9.0
[debug] [2025-07-05T10:11:46.093Z] Platform:      win32
[debug] [2025-07-05T10:11:46.093Z] Node Version:  v22.16.0
[debug] [2025-07-05T10:11:46.093Z] Time:          Sat Jul 05 2025 15:41:46 GMT+0530 (India Standard Time)
[debug] [2025-07-05T10:11:46.093Z] ----------------------------------------------------------------------
[debug] 
[debug] [2025-07-05T10:11:46.099Z] > command requires scopes: ["email","openid","https://www.googleapis.com/auth/cloudplatformprojects.readonly","https://www.googleapis.com/auth/firebase","https://www.googleapis.com/auth/cloud-platform"]
[debug] [2025-07-05T10:11:46.100Z] > authorizing via signed-in user (3201313@dsengg.ac.in)
[info] 
     ######## #### ########  ######## ########     ###     ######  ########
     ##        ##  ##     ## ##       ##     ##  ##   ##  ##       ##
     ######    ##  ########  ######   ########  #########  ######  ######
     ##        ##  ##    ##  ##       ##     ## ##     ##       ## ##
     ##       #### ##     ## ######## ########  ##     ##  ######  ########

You're about to initialize a Firebase project in this directory:

  D:\notes-app\notes-app

[info] 
=== Project Setup
[info] 
[info] First, let's associate this project directory with a Firebase project.
[info] You can create multiple project aliases by running firebase use --add, 
[info] but for now we'll just set up a default project.
[info] 
[debug] [2025-07-05T10:16:22.646Z] Checked if tokens are valid: true, expires at: 1751713850390
[debug] [2025-07-05T10:16:22.646Z] Checked if tokens are valid: true, expires at: 1751713850390
[debug] [2025-07-05T10:16:22.663Z] >>> [apiv2][query] GET https://firebase.googleapis.com/v1beta1/projects pageSize=100
[debug] [2025-07-05T10:16:23.310Z] <<< [apiv2][status] GET https://firebase.googleapis.com/v1beta1/projects 200
[debug] [2025-07-05T10:16:23.310Z] <<< [apiv2][body] GET https://firebase.googleapis.com/v1beta1/projects [omitted]
[info] i  Using project my-notes-app-4a267 (my-notes-app) 
[info] 
=== Hosting Setup
[debug] [2025-07-05T10:16:31.303Z] Checked if tokens are valid: true, expires at: 1751713850390
[debug] [2025-07-05T10:16:31.303Z] Checked if tokens are valid: true, expires at: 1751713850390
[debug] [2025-07-05T10:16:31.305Z] >>> [apiv2][query] GET https://firebase.googleapis.com/v1beta1/projects/my-notes-app-4a267 [none]
[debug] [2025-07-05T10:16:31.883Z] <<< [apiv2][status] GET https://firebase.googleapis.com/v1beta1/projects/my-notes-app-4a267 200
[debug] [2025-07-05T10:16:31.883Z] <<< [apiv2][body] GET https://firebase.googleapis.com/v1beta1/projects/my-notes-app-4a267 {"projectId":"my-notes-app-4a267","projectNumber":"621376062726","displayName":"my-notes-app","name":"projects/my-notes-app-4a267","resources":{"hostingSite":"my-notes-app-4a267"},"state":"ACTIVE","etag":"1_d46d975a-e360-4fef-826c-5076d0d50a33"}
[info] 
[info] Your public directory is the folder (relative to your project directory) that
[info] will contain Hosting assets to be uploaded with firebase deploy. If you
[info] have a build process for your assets, use your build's output directory.
[info] 
[debug] [2025-07-05T10:17:03.875Z] >>> [apiv2][query] GET https://www.gstatic.com/firebasejs/releases.json [none]
[debug] [2025-07-05T10:17:03.935Z] <<< [apiv2][status] GET https://www.gstatic.com/firebasejs/releases.json 200
[debug] [2025-07-05T10:17:03.935Z] <<< [apiv2][body] GET https://www.gstatic.com/firebasejs/releases.json {"current":{"version":"11.10.0","browserURL":"https://www.gstatic.com/firebasejs/11.10.0/firebase.js","packageURL":"https://www.gstatic.com/firebasejs/11.10.0/firebase.tgz"},"live":{"version":"11.10","browserURL":"https://www.gstatic.com/firebasejs/live/11.10/firebase.js","packageURL":"https://www.gstatic.com/firebasejs/live/11.10/firebase.tgz"},"components":{"ai":"https://www.gstatic.com/firebasejs/11.10.0/firebase-ai.js","analytics":"https://www.gstatic.com/firebasejs/11.10.0/firebase-analytics.js","app":"https://www.gstatic.com/firebasejs/11.10.0/firebase-app.js","app-check":"https://www.gstatic.com/firebasejs/11.10.0/firebase-app-check.js","auth":"https://www.gstatic.com/firebasejs/11.10.0/firebase-auth.js","auth/cordova":"https://www.gstatic.com/firebasejs/11.10.0/firebase-auth/cordova.js","auth/web-extension":"https://www.gstatic.com/firebasejs/11.10.0/firebase-auth/web-extension.js","functions":"https://www.gstatic.com/firebasejs/11.10.0/firebase-functions.js","firestore":"https://www.gstatic.com/firebasejs/11.10.0/firebase-firestore.js","firestore/lite":"https://www.gstatic.com/firebasejs/11.10.0/firebase-firestore/lite.js","installations":"https://www.gstatic.com/firebasejs/11.10.0/firebase-installations.js","storage":"https://www.gstatic.com/firebasejs/11.10.0/firebase-storage.js","performance":"https://www.gstatic.com/firebasejs/11.10.0/firebase-performance.js","remote-config":"https://www.gstatic.com/firebasejs/11.10.0/firebase-remote-config.js","messaging":"https://www.gstatic.com/firebasejs/11.10.0/firebase-messaging.js","messaging/sw":"https://www.gstatic.com/firebasejs/11.10.0/firebase-messaging/sw.js","database":"https://www.gstatic.com/firebasejs/11.10.0/firebase-database.js","vertexai":"https://www.gstatic.com/firebasejs/11.10.0/firebase-vertexai.js","data-connect":"https://www.gstatic.com/firebasejs/11.10.0/firebase-data-connect.js","firestore.memory":"https://www.gstatic.com/firebasejs/11.10.0/firebase-firestore.memory.js"}}
[info] +  Wrote y/index.html 
[info] 
[info] i  Didn't detect a .git folder. Assuming D:\notes-app\notes-app is the project root. 
[info] i  Authorizing with GitHub to upload your service account to a GitHub repository's secrets store. 
[info] 
[info] Visit this URL on this device to log in:
[info] https://github.com/login/oauth/authorize?client_id=89cf50f02ac6aaed3484&state=429399597&redirect_uri=http%3A%2F%2Flocalhost%3A9005&scope=read%3Auser%20repo%20public_repo
[info] 
[info] Waiting for authentication...
